<?xml version="1.0" encoding="UTF-8"?>
<!-- Generated by org.testng.reporters.JUnitReportReporter -->
<testsuite hostname="DESKTOP-LIMR78O" failures="0" tests="2" name="ktctc.ebanking.HomePageTest" time="24.306" errors="0" timestamp="2022-01-26T11:01:00 IST" skipped="0">
  <testcase classname="ktctc.ebanking.HomePageTest" name="validateAccNo" time="16.123"/>
  <system-out/>
  <testcase classname="ktctc.ebanking.HomePageTest" name="validateBalance" time="8.183"/>
  <system-out/>
</testsuite> <!-- ktctc.ebanking.HomePageTest -->
