<?xml version="1.0" encoding="UTF-8"?>
<!-- Generated by org.testng.reporters.JUnitReportReporter -->
<testsuite hostname="DESKTOP-LIMR78O" failures="0" tests="2" name="ktctc.ebanking.TransferPageTest" time="29.223" errors="0" timestamp="2022-01-26T11:01:00 IST" skipped="0">
  <testcase classname="ktctc.ebanking.TransferPageTest" name="validateBankTransfer" time="14.098"/>
  <system-out/>
  <testcase classname="ktctc.ebanking.TransferPageTest" name="validateWithdraw" time="15.125"/>
  <system-out/>
</testsuite> <!-- ktctc.ebanking.TransferPageTest -->
