<?xml version="1.0" encoding="UTF-8"?>
<!-- Generated by org.testng.reporters.JUnitReportReporter -->
<testsuite hostname="DESKTOP-LIMR78O" failures="0" tests="1" name="ktctc.ebanking.DepositPageTest" time="10.182" errors="0" timestamp="2022-01-26T11:01:00 IST" skipped="0">
  <testcase classname="ktctc.ebanking.DepositPageTest" name="validateDeposit" time="10.182"/>
  <system-out/>
</testsuite> <!-- ktctc.ebanking.DepositPageTest -->
